Saving path info
Not complete. Starting non-linear search.
number_of_cores == 28...
...using SneakyPool. This copies the likelihood functionto each process on instantiation to avoid copying multipletimes.
No Dynesty samples found, beginning new non-linear search. 
10000 Iterations: Performing update (Visualization, outputting samples, etc.).
Visualizing
Outputting model result
20000 Iterations: Performing update (Visualization, outputting samples, etc.).
Visualizing
Outputting model result
30000 Iterations: Performing update (Visualization, outputting samples, etc.).
Visualizing
Outputting model result
40000 Iterations: Performing update (Visualization, outputting samples, etc.).
Visualizing
Outputting model result
50000 Iterations: Performing update (Visualization, outputting samples, etc.).
Visualizing
Outputting model result
60000 Iterations: Performing update (Visualization, outputting samples, etc.).
Visualizing
Outputting model result
70000 Iterations: Performing update (Visualization, outputting samples, etc.).
Visualizing
Outputting model result
80000 Iterations: Performing update (Visualization, outputting samples, etc.).
Visualizing
Outputting model result
90000 Iterations: Performing update (Visualization, outputting samples, etc.).
Visualizing
Outputting model result
100000 Iterations: Performing update (Visualization, outputting samples, etc.).
Visualizing
Outputting model result
110000 Iterations: Performing update (Visualization, outputting samples, etc.).
Visualizing
Outputting model result
120000 Iterations: Performing update (Visualization, outputting samples, etc.).
Visualizing
Outputting model result
130000 Iterations: Performing update (Visualization, outputting samples, etc.).
Visualizing
Outputting model result
140000 Iterations: Performing update (Visualization, outputting samples, etc.).
Visualizing
Outputting model result
150000 Iterations: Performing update (Visualization, outputting samples, etc.).
Visualizing
Outputting model result
160000 Iterations: Performing update (Visualization, outputting samples, etc.).
Visualizing
Outputting model result
170000 Iterations: Performing update (Visualization, outputting samples, etc.).
Visualizing
Outputting model result
180000 Iterations: Performing update (Visualization, outputting samples, etc.).
Visualizing
Outputting model result
190000 Iterations: Performing update (Visualization, outputting samples, etc.).
Visualizing
Outputting model result
200000 Iterations: Performing update (Visualization, outputting samples, etc.).
Visualizing
Outputting model result
210000 Iterations: Performing update (Visualization, outputting samples, etc.).
Visualizing
Outputting model result
Removing state files
Removing zip file
Saving path info
Already completed, skipping non-linear search.
Forcing pickle overwrite
Removing zip file
Saving path info
Already completed, skipping non-linear search.
Forcing pickle overwrite
Removing zip file
Saving path info
Already completed, skipping non-linear search.
Forcing pickle overwrite
Removing zip file
Saving path info
Already completed, skipping non-linear search.
Forcing pickle overwrite
Removing zip file
Saving path info
Already completed, skipping non-linear search.
Forcing pickle overwrite
Removing zip file
Saving path info
Already completed, skipping non-linear search.
Forcing pickle overwrite
Removing zip file
Saving path info
Already completed, skipping non-linear search.
Forcing pickle overwrite
Removing zip file
Saving path info
Already completed, skipping non-linear search.
Forcing pickle overwrite
Removing zip file
Saving path info
Already completed, skipping non-linear search.
Forcing pickle overwrite
Removing zip file
Saving path info
Already completed, skipping non-linear search.
Forcing pickle overwrite
Removing zip file
Saving path info
Already completed, skipping non-linear search.
Forcing pickle overwrite
Removing zip file
Saving path info
Already completed, skipping non-linear search.
Forcing pickle overwrite
Removing zip file
Saving path info
Already completed, skipping non-linear search.
Forcing pickle overwrite
Removing zip file
Saving path info
Already completed, skipping non-linear search.
Forcing pickle overwrite
Removing zip file
Saving path info
Already completed, skipping non-linear search.
Forcing pickle overwrite
Removing zip file
Saving path info
Already completed, skipping non-linear search.
Forcing pickle overwrite
Removing zip file
Saving path info
Already completed, skipping non-linear search.
Forcing pickle overwrite
Removing zip file
Saving path info
Already completed, skipping non-linear search.
Forcing pickle overwrite
Removing zip file
Saving path info
Already completed, skipping non-linear search.
Forcing pickle overwrite
Removing zip file
Saving path info
Already completed, skipping non-linear search.
Forcing pickle overwrite
Removing zip file
Saving path info
Already completed, skipping non-linear search.
Forcing pickle overwrite
Removing zip file
Saving path info
Already completed, skipping non-linear search.
Forcing pickle overwrite
Removing zip file
Saving path info
Already completed, skipping non-linear search.
Forcing pickle overwrite
Removing zip file
Saving path info
Already completed, skipping non-linear search.
Forcing pickle overwrite
Removing zip file
Saving path info
Already completed, skipping non-linear search.
Forcing pickle overwrite
Removing zip file
Saving path info
Already completed, skipping non-linear search.
Forcing pickle overwrite
Removing zip file
Saving path info
Already completed, skipping non-linear search.
Forcing pickle overwrite
Removing zip file
Saving path info
Already completed, skipping non-linear search.
Forcing pickle overwrite
Removing zip file
Saving path info
Already completed, skipping non-linear search.
Forcing pickle overwrite
Removing zip file
Saving path info
Already completed, skipping non-linear search.
Forcing pickle overwrite
Removing zip file
Saving path info
Already completed, skipping non-linear search.
Forcing pickle overwrite
Removing zip file
Saving path info
Already completed, skipping non-linear search.
Forcing pickle overwrite
Removing zip file
Saving path info
Already completed, skipping non-linear search.
Forcing pickle overwrite
Removing zip file
Saving path info
Already completed, skipping non-linear search.
Forcing pickle overwrite
Removing zip file
Saving path info
Already completed, skipping non-linear search.
Forcing pickle overwrite
Removing zip file
Saving path info
Already completed, skipping non-linear search.
Forcing pickle overwrite
Removing zip file
Saving path info
Already completed, skipping non-linear search.
Forcing pickle overwrite
Removing zip file
Saving path info
Already completed, skipping non-linear search.
Forcing pickle overwrite
Removing zip file
Saving path info
Already completed, skipping non-linear search.
Forcing pickle overwrite
Removing zip file
Saving path info
Already completed, skipping non-linear search.
Forcing pickle overwrite
Removing zip file
Saving path info
Already completed, skipping non-linear search.
Forcing pickle overwrite
Removing zip file
Saving path info
Already completed, skipping non-linear search.
Forcing pickle overwrite
Removing zip file
Saving path info
Already completed, skipping non-linear search.
Forcing pickle overwrite
Removing zip file
Saving path info
Already completed, skipping non-linear search.
Forcing pickle overwrite
Removing zip file
Saving path info
Already completed, skipping non-linear search.
Forcing pickle overwrite
Removing zip file
Saving path info
Already completed, skipping non-linear search.
Forcing pickle overwrite
Removing zip file
Saving path info
Already completed, skipping non-linear search.
Forcing pickle overwrite
Removing zip file
Saving path info
Already completed, skipping non-linear search.
Forcing pickle overwrite
Removing zip file
Saving path info
Already completed, skipping non-linear search.
Forcing pickle overwrite
Removing zip file
Saving path info
Already completed, skipping non-linear search.
Forcing pickle overwrite
Removing zip file
Saving path info
Already completed, skipping non-linear search.
Forcing pickle overwrite
Removing zip file
Saving path info
Already completed, skipping non-linear search.
Forcing pickle overwrite
Removing zip file
Saving path info
Already completed, skipping non-linear search.
Forcing pickle overwrite
Removing zip file
Saving path info
Already completed, skipping non-linear search.
Forcing pickle overwrite
Removing zip file
Saving path info
Already completed, skipping non-linear search.
Forcing pickle overwrite
Removing zip file
Saving path info
Already completed, skipping non-linear search.
Forcing pickle overwrite
Removing zip file
Saving path info
Already completed, skipping non-linear search.
Forcing pickle overwrite
Removing zip file
Saving path info
Already completed, skipping non-linear search.
Forcing pickle overwrite
Removing zip file
Saving path info
Already completed, skipping non-linear search.
Forcing pickle overwrite
Removing zip file
Saving path info
Already completed, skipping non-linear search.
Forcing pickle overwrite
Removing zip file
Saving path info
Already completed, skipping non-linear search.
Forcing pickle overwrite
Removing zip file
Saving path info
Already completed, skipping non-linear search.
Forcing pickle overwrite
Removing zip file
Saving path info
Already completed, skipping non-linear search.
Forcing pickle overwrite
Removing zip file
Saving path info
Already completed, skipping non-linear search.
Forcing pickle overwrite
Removing zip file
Saving path info
Already completed, skipping non-linear search.
Forcing pickle overwrite
Removing zip file
Saving path info
Already completed, skipping non-linear search.
Forcing pickle overwrite
Removing zip file
Saving path info
Already completed, skipping non-linear search.
Forcing pickle overwrite
Removing zip file
Saving path info
Already completed, skipping non-linear search.
Forcing pickle overwrite
Removing zip file
Saving path info
Already completed, skipping non-linear search.
Forcing pickle overwrite
Removing zip file
Saving path info
Already completed, skipping non-linear search.
Forcing pickle overwrite
Removing zip file
Saving path info
Already completed, skipping non-linear search.
Forcing pickle overwrite
Removing zip file
Saving path info
Already completed, skipping non-linear search.
Forcing pickle overwrite
Removing zip file
Saving path info
Already completed, skipping non-linear search.
Forcing pickle overwrite
Removing zip file
Saving path info
Already completed, skipping non-linear search.
Forcing pickle overwrite
Removing zip file
Saving path info
Already completed, skipping non-linear search.
Forcing pickle overwrite
Removing zip file
Saving path info
Already completed, skipping non-linear search.
Forcing pickle overwrite
Removing zip file
Saving path info
Already completed, skipping non-linear search.
Forcing pickle overwrite
Removing zip file
Saving path info
Already completed, skipping non-linear search.
Forcing pickle overwrite
Removing zip file
Saving path info
Already completed, skipping non-linear search.
Forcing pickle overwrite
Removing zip file
Saving path info
Already completed, skipping non-linear search.
Forcing pickle overwrite
Removing zip file
Saving path info
Already completed, skipping non-linear search.
Forcing pickle overwrite
Removing zip file
Saving path info
Already completed, skipping non-linear search.
Forcing pickle overwrite
Removing zip file
Saving path info
Already completed, skipping non-linear search.
Forcing pickle overwrite
Removing zip file
Saving path info
Already completed, skipping non-linear search.
Forcing pickle overwrite
Removing zip file
Saving path info
Already completed, skipping non-linear search.
Forcing pickle overwrite
Removing zip file
Saving path info
Already completed, skipping non-linear search.
Forcing pickle overwrite
Removing zip file
Saving path info
Already completed, skipping non-linear search.
Forcing pickle overwrite
Removing zip file
Saving path info
Already completed, skipping non-linear search.
Forcing pickle overwrite
Removing zip file
Saving path info
Already completed, skipping non-linear search.
Forcing pickle overwrite
Removing zip file
Saving path info
Already completed, skipping non-linear search.
Forcing pickle overwrite
Removing zip file
Saving path info
Already completed, skipping non-linear search.
Forcing pickle overwrite
Removing zip file
Saving path info
Already completed, skipping non-linear search.
Forcing pickle overwrite
Removing zip file
Saving path info
Already completed, skipping non-linear search.
Forcing pickle overwrite
Removing zip file
Saving path info
Already completed, skipping non-linear search.
Forcing pickle overwrite
Removing zip file
Saving path info
Already completed, skipping non-linear search.
Forcing pickle overwrite
Removing zip file
Saving path info
Already completed, skipping non-linear search.
Forcing pickle overwrite
Removing zip file
Saving path info
Already completed, skipping non-linear search.
Forcing pickle overwrite
Removing zip file
Saving path info
Already completed, skipping non-linear search.
Forcing pickle overwrite
Removing zip file
Saving path info
Already completed, skipping non-linear search.
Forcing pickle overwrite
Removing zip file
Saving path info
Already completed, skipping non-linear search.
Forcing pickle overwrite
Removing zip file
Saving path info
Already completed, skipping non-linear search.
Forcing pickle overwrite
Removing zip file
Saving path info
Already completed, skipping non-linear search.
Forcing pickle overwrite
Removing zip file
Saving path info
Already completed, skipping non-linear search.
Forcing pickle overwrite
Removing zip file
Saving path info
Already completed, skipping non-linear search.
Forcing pickle overwrite
Removing zip file
Saving path info
Already completed, skipping non-linear search.
Forcing pickle overwrite
Removing zip file
Saving path info
Already completed, skipping non-linear search.
Forcing pickle overwrite
Removing zip file
Saving path info
Already completed, skipping non-linear search.
Forcing pickle overwrite
Removing zip file
Saving path info
Already completed, skipping non-linear search.
Forcing pickle overwrite
Removing zip file
Saving path info
Already completed, skipping non-linear search.
Forcing pickle overwrite
Removing zip file
Saving path info
Already completed, skipping non-linear search.
Forcing pickle overwrite
Removing zip file
Saving path info
Already completed, skipping non-linear search.
Forcing pickle overwrite
Removing zip file
Saving path info
Already completed, skipping non-linear search.
Forcing pickle overwrite
Removing zip file
Saving path info
Already completed, skipping non-linear search.
Forcing pickle overwrite
Removing zip file
Saving path info
Already completed, skipping non-linear search.
Forcing pickle overwrite
Removing zip file
Saving path info
Already completed, skipping non-linear search.
Forcing pickle overwrite
Removing zip file
Saving path info
Already completed, skipping non-linear search.
Forcing pickle overwrite
Removing zip file
Saving path info
Already completed, skipping non-linear search.
Forcing pickle overwrite
Removing zip file
Saving path info
Already completed, skipping non-linear search.
Forcing pickle overwrite
Removing zip file
Saving path info
Already completed, skipping non-linear search.
Forcing pickle overwrite
Removing zip file
Saving path info
Already completed, skipping non-linear search.
Forcing pickle overwrite
Removing zip file
Saving path info
Already completed, skipping non-linear search.
Forcing pickle overwrite
Removing zip file
Saving path info
Already completed, skipping non-linear search.
Forcing pickle overwrite
Removing zip file
Saving path info
Already completed, skipping non-linear search.
Forcing pickle overwrite
Removing zip file
Saving path info
Already completed, skipping non-linear search.
Forcing pickle overwrite
Removing zip file
Saving path info
Already completed, skipping non-linear search.
Forcing pickle overwrite
Removing zip file
Saving path info
Already completed, skipping non-linear search.
Forcing pickle overwrite
Removing zip file
Saving path info
Already completed, skipping non-linear search.
Forcing pickle overwrite
Removing zip file
Saving path info
Already completed, skipping non-linear search.
Forcing pickle overwrite
Removing zip file
Saving path info
Already completed, skipping non-linear search.
Forcing pickle overwrite
Removing zip file
Saving path info
Already completed, skipping non-linear search.
Forcing pickle overwrite
Removing zip file
Saving path info
Already completed, skipping non-linear search.
Forcing pickle overwrite
Removing zip file
Saving path info
Already completed, skipping non-linear search.
Forcing pickle overwrite
Removing zip file
Saving path info
Already completed, skipping non-linear search.
Forcing pickle overwrite
Removing zip file
Saving path info
Already completed, skipping non-linear search.
Forcing pickle overwrite
Removing zip file
Saving path info
Already completed, skipping non-linear search.
Forcing pickle overwrite
Removing zip file
Saving path info
Already completed, skipping non-linear search.
Forcing pickle overwrite
Removing zip file
Saving path info
Already completed, skipping non-linear search.
Forcing pickle overwrite
Removing zip file
Saving path info
Already completed, skipping non-linear search.
Forcing pickle overwrite
Removing zip file
Saving path info
Already completed, skipping non-linear search.
Forcing pickle overwrite
Removing zip file
Saving path info
Already completed, skipping non-linear search.
Forcing pickle overwrite
Removing zip file
Saving path info
Already completed, skipping non-linear search.
Forcing pickle overwrite
Removing zip file
Saving path info
Already completed, skipping non-linear search.
Forcing pickle overwrite
Removing zip file
Saving path info
Already completed, skipping non-linear search.
Forcing pickle overwrite
Removing zip file
Saving path info
Already completed, skipping non-linear search.
Forcing pickle overwrite
Removing zip file
Saving path info
Already completed, skipping non-linear search.
Forcing pickle overwrite
Removing zip file
Saving path info
Already completed, skipping non-linear search.
Forcing pickle overwrite
Removing zip file
Saving path info
Already completed, skipping non-linear search.
Forcing pickle overwrite
Removing zip file
Saving path info
Already completed, skipping non-linear search.
Forcing pickle overwrite
Removing zip file
Saving path info
Already completed, skipping non-linear search.
Forcing pickle overwrite
Removing zip file
Saving path info
Already completed, skipping non-linear search.
Forcing pickle overwrite
Removing zip file
Saving path info
Already completed, skipping non-linear search.
Forcing pickle overwrite
Removing zip file
Saving path info
Already completed, skipping non-linear search.
Forcing pickle overwrite
Removing zip file
Saving path info
Already completed, skipping non-linear search.
Forcing pickle overwrite
Removing zip file
Saving path info
Already completed, skipping non-linear search.
Forcing pickle overwrite
Removing zip file
Saving path info
Already completed, skipping non-linear search.
Forcing pickle overwrite
Removing zip file
Saving path info
Already completed, skipping non-linear search.
Forcing pickle overwrite
Removing zip file
Saving path info
Already completed, skipping non-linear search.
Forcing pickle overwrite
Removing zip file
Saving path info
Already completed, skipping non-linear search.
Forcing pickle overwrite
Removing zip file
Saving path info
Already completed, skipping non-linear search.
Forcing pickle overwrite
Removing zip file
Saving path info
Already completed, skipping non-linear search.
Forcing pickle overwrite
Removing zip file
Saving path info
Already completed, skipping non-linear search.
Forcing pickle overwrite
Removing zip file
Saving path info
Already completed, skipping non-linear search.
Forcing pickle overwrite
Removing zip file
Saving path info
Already completed, skipping non-linear search.
Forcing pickle overwrite
Removing zip file
Saving path info
Already completed, skipping non-linear search.
Forcing pickle overwrite
Removing zip file
Saving path info
Already completed, skipping non-linear search.
Forcing pickle overwrite
Removing zip file
Saving path info
Already completed, skipping non-linear search.
Forcing pickle overwrite
Removing zip file
Saving path info
Already completed, skipping non-linear search.
Forcing pickle overwrite
Removing zip file
Saving path info
Already completed, skipping non-linear search.
Forcing pickle overwrite
Removing zip file
Saving path info
Already completed, skipping non-linear search.
Forcing pickle overwrite
Removing zip file
Saving path info
Already completed, skipping non-linear search.
Forcing pickle overwrite
Removing zip file
Saving path info
Already completed, skipping non-linear search.
Forcing pickle overwrite
Removing zip file
Saving path info
Already completed, skipping non-linear search.
Forcing pickle overwrite
Removing zip file
Saving path info
Already completed, skipping non-linear search.
Forcing pickle overwrite
Removing zip file
Saving path info
Already completed, skipping non-linear search.
Forcing pickle overwrite
Removing zip file
Saving path info
Already completed, skipping non-linear search.
Forcing pickle overwrite
Removing zip file
Saving path info
Already completed, skipping non-linear search.
Forcing pickle overwrite
Removing zip file
Saving path info
Already completed, skipping non-linear search.
Forcing pickle overwrite
Removing zip file
Saving path info
Already completed, skipping non-linear search.
Forcing pickle overwrite
Removing zip file
Saving path info
Already completed, skipping non-linear search.
Forcing pickle overwrite
Removing zip file
Saving path info
Already completed, skipping non-linear search.
Forcing pickle overwrite
Removing zip file
Saving path info
Already completed, skipping non-linear search.
Forcing pickle overwrite
Removing zip file
Saving path info
Already completed, skipping non-linear search.
Forcing pickle overwrite
Removing zip file
Saving path info
Already completed, skipping non-linear search.
Forcing pickle overwrite
Removing zip file
Saving path info
Already completed, skipping non-linear search.
Forcing pickle overwrite
Removing zip file
Saving path info
Already completed, skipping non-linear search.
Forcing pickle overwrite
Removing zip file
Saving path info
Already completed, skipping non-linear search.
Forcing pickle overwrite
Removing zip file
Saving path info
Already completed, skipping non-linear search.
Forcing pickle overwrite
Removing zip file
Saving path info
Already completed, skipping non-linear search.
Forcing pickle overwrite
Removing zip file
Saving path info
Already completed, skipping non-linear search.
Forcing pickle overwrite
Removing zip file
Saving path info
Already completed, skipping non-linear search.
Forcing pickle overwrite
Removing zip file
Saving path info
Already completed, skipping non-linear search.
Forcing pickle overwrite
Removing zip file
Saving path info
Already completed, skipping non-linear search.
Forcing pickle overwrite
Removing zip file
Saving path info
Already completed, skipping non-linear search.
Forcing pickle overwrite
Removing zip file
Saving path info
Already completed, skipping non-linear search.
Forcing pickle overwrite
Removing zip file
Saving path info
Already completed, skipping non-linear search.
Forcing pickle overwrite
Removing zip file
Saving path info
Already completed, skipping non-linear search.
Forcing pickle overwrite
Removing zip file
Saving path info
Already completed, skipping non-linear search.
Forcing pickle overwrite
Removing zip file
Saving path info
Already completed, skipping non-linear search.
Forcing pickle overwrite
Removing zip file
Saving path info
Already completed, skipping non-linear search.
Forcing pickle overwrite
Removing zip file
Saving path info
Already completed, skipping non-linear search.
Forcing pickle overwrite
Removing zip file
Saving path info
Already completed, skipping non-linear search.
Forcing pickle overwrite
Removing zip file
Saving path info
Already completed, skipping non-linear search.
Forcing pickle overwrite
Removing zip file
Saving path info
Already completed, skipping non-linear search.
Forcing pickle overwrite
Removing zip file
Saving path info
Already completed, skipping non-linear search.
Forcing pickle overwrite
Removing zip file
Saving path info
Already completed, skipping non-linear search.
Forcing pickle overwrite
Removing zip file
Saving path info
Already completed, skipping non-linear search.
Forcing pickle overwrite
Removing zip file
Saving path info
Already completed, skipping non-linear search.
Forcing pickle overwrite
Removing zip file
Saving path info
Already completed, skipping non-linear search.
Forcing pickle overwrite
Removing zip file
Saving path info
Already completed, skipping non-linear search.
Forcing pickle overwrite
Removing zip file
Saving path info
Already completed, skipping non-linear search.
Forcing pickle overwrite
Removing zip file
Saving path info
Already completed, skipping non-linear search.
Forcing pickle overwrite
Removing zip file
Saving path info
Already completed, skipping non-linear search.
Forcing pickle overwrite
Removing zip file
Saving path info
Already completed, skipping non-linear search.
Forcing pickle overwrite
Removing zip file
Saving path info
Already completed, skipping non-linear search.
Forcing pickle overwrite
Removing zip file
Saving path info
Already completed, skipping non-linear search.
Forcing pickle overwrite
Removing zip file
Saving path info
Already completed, skipping non-linear search.
Forcing pickle overwrite
Removing zip file
Saving path info
Already completed, skipping non-linear search.
Forcing pickle overwrite
Removing zip file
Saving path info
Already completed, skipping non-linear search.
Forcing pickle overwrite
Removing zip file
Saving path info
Already completed, skipping non-linear search.
Forcing pickle overwrite
Removing zip file
Saving path info
Already completed, skipping non-linear search.
Forcing pickle overwrite
Removing zip file
Saving path info
Already completed, skipping non-linear search.
Forcing pickle overwrite
Removing zip file
Saving path info
Already completed, skipping non-linear search.
Forcing pickle overwrite
Removing zip file
Saving path info
Already completed, skipping non-linear search.
Forcing pickle overwrite
Removing zip file
Saving path info
Already completed, skipping non-linear search.
Forcing pickle overwrite
Removing zip file
Saving path info
Already completed, skipping non-linear search.
Forcing pickle overwrite
Removing zip file
Saving path info
Already completed, skipping non-linear search.
Forcing pickle overwrite
Removing zip file
Saving path info
Already completed, skipping non-linear search.
Forcing pickle overwrite
Removing zip file
Saving path info
Already completed, skipping non-linear search.
Forcing pickle overwrite
Removing zip file
Saving path info
Already completed, skipping non-linear search.
Forcing pickle overwrite
Removing zip file
Saving path info
Already completed, skipping non-linear search.
Forcing pickle overwrite
Removing zip file
Saving path info
Already completed, skipping non-linear search.
Forcing pickle overwrite
Removing zip file
Saving path info
Already completed, skipping non-linear search.
Forcing pickle overwrite
Removing zip file
Saving path info
Already completed, skipping non-linear search.
Forcing pickle overwrite
Removing zip file
Saving path info
Already completed, skipping non-linear search.
Forcing pickle overwrite
Removing zip file
Saving path info
Already completed, skipping non-linear search.
Forcing pickle overwrite
Removing zip file
Saving path info
Already completed, skipping non-linear search.
Forcing pickle overwrite
Removing zip file
Saving path info
Already completed, skipping non-linear search.
Forcing pickle overwrite
Removing zip file
Saving path info
Already completed, skipping non-linear search.
Forcing pickle overwrite
Removing zip file
Saving path info
Already completed, skipping non-linear search.
Forcing pickle overwrite
Removing zip file
Saving path info
Already completed, skipping non-linear search.
Forcing pickle overwrite
Removing zip file
Saving path info
Already completed, skipping non-linear search.
Forcing pickle overwrite
Removing zip file
Saving path info
Already completed, skipping non-linear search.
Forcing pickle overwrite
Removing zip file
Saving path info
Already completed, skipping non-linear search.
Forcing pickle overwrite
Removing zip file
Saving path info
Already completed, skipping non-linear search.
Forcing pickle overwrite
Removing zip file
Saving path info
Already completed, skipping non-linear search.
Forcing pickle overwrite
Removing zip file
Saving path info
Already completed, skipping non-linear search.
Forcing pickle overwrite
Removing zip file
Saving path info
Already completed, skipping non-linear search.
Forcing pickle overwrite
Removing zip file
Saving path info
Already completed, skipping non-linear search.
Forcing pickle overwrite
Removing zip file
Saving path info
Already completed, skipping non-linear search.
Forcing pickle overwrite
Removing zip file
Saving path info
Already completed, skipping non-linear search.
Forcing pickle overwrite
Removing zip file
Saving path info
Already completed, skipping non-linear search.
Forcing pickle overwrite
Removing zip file
Saving path info
Already completed, skipping non-linear search.
Forcing pickle overwrite
Removing zip file
Saving path info
Already completed, skipping non-linear search.
Forcing pickle overwrite
Removing zip file
Saving path info
Already completed, skipping non-linear search.
Forcing pickle overwrite
Removing zip file
Saving path info
Already completed, skipping non-linear search.
Forcing pickle overwrite
Removing zip file
Saving path info
Already completed, skipping non-linear search.
Forcing pickle overwrite
Removing zip file
Saving path info
Already completed, skipping non-linear search.
Forcing pickle overwrite
Removing zip file
Saving path info
Already completed, skipping non-linear search.
Forcing pickle overwrite
Removing zip file
Saving path info
Already completed, skipping non-linear search.
Forcing pickle overwrite
Removing zip file
Saving path info
Already completed, skipping non-linear search.
Forcing pickle overwrite
Removing zip file
Saving path info
Already completed, skipping non-linear search.
Forcing pickle overwrite
Removing zip file
Saving path info
Already completed, skipping non-linear search.
Forcing pickle overwrite
Removing zip file
Saving path info
Already completed, skipping non-linear search.
Forcing pickle overwrite
Removing zip file
Saving path info
Already completed, skipping non-linear search.
Forcing pickle overwrite
Removing zip file
Saving path info
Already completed, skipping non-linear search.
Forcing pickle overwrite
Removing zip file
Saving path info
Already completed, skipping non-linear search.
Forcing pickle overwrite
Removing zip file
Saving path info
Already completed, skipping non-linear search.
Forcing pickle overwrite
Removing zip file
Saving path info
Already completed, skipping non-linear search.
Forcing pickle overwrite
Removing zip file
Saving path info
Already completed, skipping non-linear search.
Forcing pickle overwrite
Removing zip file
Saving path info
Already completed, skipping non-linear search.
Forcing pickle overwrite
Removing zip file
Saving path info
Already completed, skipping non-linear search.
Forcing pickle overwrite
Removing zip file
Saving path info
Already completed, skipping non-linear search.
Forcing pickle overwrite
Removing zip file
Saving path info
Already completed, skipping non-linear search.
Forcing pickle overwrite
Removing zip file
Saving path info
Already completed, skipping non-linear search.
Forcing pickle overwrite
Removing zip file
